[ 2024-03-29 13:20:41,812 ] 26 root - INFO - Initiating data ingestion
[ 2024-03-29 13:20:41,966 ] 29 root - INFO - Found dataset. Read the data as dataframe
[ 2024-03-29 13:20:41,966 ] 31 root - INFO - Making missing dataset directory
[ 2024-03-29 13:20:42,097 ] 37 root - INFO - Splitting the data into train, test sets with 6 fold and stratify the target variable
[ 2024-03-29 13:20:42,796 ] 53 root - INFO - Finised splitting. Saving the data into csv files
[ 2024-03-29 13:20:42,840 ] 159 root - INFO - Getting the preprocesser object
[ 2024-03-29 13:20:42,848 ] 162 root - INFO - Fitting the preprocessor object
[ 2024-03-29 13:20:42,848 ] 163 root - INFO - Transforming the train data
[ 2024-03-29 13:20:44,259 ] 173 root - INFO - Finished transforming the data
[ 2024-03-29 13:20:44,713 ] 177 root - INFO - Saved the preprocessor object
[ 2024-03-29 13:20:44,714 ] 179 root - INFO - Rename the columns of the transformed data
[ 2024-03-29 13:20:44,716 ] 189 root - INFO - Finished renaming the columns of the transformed data
[ 2024-03-29 13:20:44,716 ] 190 root - INFO - Saving the transformed data
[ 2024-03-29 13:20:44,999 ] 159 root - INFO - Getting the preprocesser object
[ 2024-03-29 13:20:45,006 ] 162 root - INFO - Fitting the preprocessor object
[ 2024-03-29 13:20:45,006 ] 163 root - INFO - Transforming the train data
[ 2024-03-29 13:20:46,364 ] 173 root - INFO - Finished transforming the data
[ 2024-03-29 13:20:46,848 ] 177 root - INFO - Saved the preprocessor object
[ 2024-03-29 13:20:46,848 ] 179 root - INFO - Rename the columns of the transformed data
[ 2024-03-29 13:20:46,851 ] 189 root - INFO - Finished renaming the columns of the transformed data
[ 2024-03-29 13:20:46,851 ] 190 root - INFO - Saving the transformed data
[ 2024-03-29 13:20:47,184 ] 159 root - INFO - Getting the preprocesser object
[ 2024-03-29 13:20:47,191 ] 162 root - INFO - Fitting the preprocessor object
[ 2024-03-29 13:20:47,191 ] 163 root - INFO - Transforming the train data
[ 2024-03-29 13:20:48,668 ] 173 root - INFO - Finished transforming the data
[ 2024-03-29 13:20:49,117 ] 177 root - INFO - Saved the preprocessor object
[ 2024-03-29 13:20:49,118 ] 179 root - INFO - Rename the columns of the transformed data
[ 2024-03-29 13:20:49,120 ] 189 root - INFO - Finished renaming the columns of the transformed data
[ 2024-03-29 13:20:49,120 ] 190 root - INFO - Saving the transformed data
[ 2024-03-29 13:20:49,414 ] 159 root - INFO - Getting the preprocesser object
[ 2024-03-29 13:20:49,421 ] 162 root - INFO - Fitting the preprocessor object
[ 2024-03-29 13:20:49,421 ] 163 root - INFO - Transforming the train data
[ 2024-03-29 13:20:50,768 ] 173 root - INFO - Finished transforming the data
[ 2024-03-29 13:20:51,229 ] 177 root - INFO - Saved the preprocessor object
[ 2024-03-29 13:20:51,229 ] 179 root - INFO - Rename the columns of the transformed data
[ 2024-03-29 13:20:51,232 ] 189 root - INFO - Finished renaming the columns of the transformed data
[ 2024-03-29 13:20:51,233 ] 190 root - INFO - Saving the transformed data
[ 2024-03-29 13:20:51,534 ] 159 root - INFO - Getting the preprocesser object
[ 2024-03-29 13:20:51,542 ] 162 root - INFO - Fitting the preprocessor object
[ 2024-03-29 13:20:51,542 ] 163 root - INFO - Transforming the train data
[ 2024-03-29 13:20:52,997 ] 173 root - INFO - Finished transforming the data
[ 2024-03-29 13:20:53,456 ] 177 root - INFO - Saved the preprocessor object
[ 2024-03-29 13:20:53,456 ] 179 root - INFO - Rename the columns of the transformed data
[ 2024-03-29 13:20:53,458 ] 189 root - INFO - Finished renaming the columns of the transformed data
[ 2024-03-29 13:20:53,458 ] 190 root - INFO - Saving the transformed data
[ 2024-03-29 13:20:53,745 ] 159 root - INFO - Getting the preprocesser object
[ 2024-03-29 13:20:53,755 ] 162 root - INFO - Fitting the preprocessor object
[ 2024-03-29 13:20:53,755 ] 163 root - INFO - Transforming the train data
[ 2024-03-29 13:20:55,179 ] 173 root - INFO - Finished transforming the data
[ 2024-03-29 13:20:55,612 ] 177 root - INFO - Saved the preprocessor object
[ 2024-03-29 13:20:55,612 ] 179 root - INFO - Rename the columns of the transformed data
[ 2024-03-29 13:20:55,614 ] 189 root - INFO - Finished renaming the columns of the transformed data
[ 2024-03-29 13:20:55,615 ] 190 root - INFO - Saving the transformed data
[ 2024-03-29 13:20:55,897 ] 132 root - INFO - Training LightGBM model with best params
